# JRE version: OpenJDK Runtime Environment Temurin-17.0.4.1+1 (17.0.4.1+1) (build 17.0.4.1+1)
# Java VM: OpenJDK 64-Bit Server VM Temurin-17.0.4.1+1 (17.0.4.1+1, mixed mode, tiered, compressed oops, compressed class ptrs, g1 gc, windows-amd64)
GC Precious Log:
 CPUs: 16 total, 16 available
 Memory: 32480M
 Large Page Support: Disabled
 NUMA Support: Disabled
 Compressed Oops: Enabled (Zero based)
 Heap Region Size: 4M
 Heap Min Capacity: 8M
 Heap Initial Capacity: 508M
 Heap Max Capacity: 8124M
 Pre-touch: Disabled
 Parallel Workers: 13
 Concurrent Workers: 3
 Concurrent Refinement Workers: 13
 Periodic GC: Disabled
Heap:
 garbage-first heap   total 520192K, used 225680K [0x0000000604400000, 0x0000000800000000)
  region size 4096K, 29 young (118784K), 3 survivors (12288K)
 Metaspace       used 9296K, committed 9472K, reserved 1064960K
  class space    used 800K, committed 896K, reserved 1048576K
GC Heap History (18 events):
Event: 2617.670 GC heap before
{Heap before GC invocations=0 (full 0):
 garbage-first heap   total 520192K, used 24576K [0x0000000604400000, 0x0000000800000000)
  region size 4096K, 6 young (24576K), 0 survivors (0K)
 Metaspace       used 9051K, committed 9152K, reserved 1064960K
  class space    used 788K, committed 832K, reserved 1048576K
}
Event: 2617.672 GC heap after
{Heap after GC invocations=1 (full 0):
 garbage-first heap   total 520192K, used 2955K [0x0000000604400000, 0x0000000800000000)
  region size 4096K, 1 young (4096K), 1 survivors (4096K)
 Metaspace       used 9051K, committed 9152K, reserved 1064960K
  class space    used 788K, committed 832K, reserved 1048576K
}
Event: 3957.006 GC heap before
{Heap before GC invocations=1 (full 0):
 garbage-first heap   total 520192K, used 31627K [0x0000000604400000, 0x0000000800000000)
  region size 4096K, 8 young (32768K), 1 survivors (4096K)
 Metaspace       used 9075K, committed 9216K, reserved 1064960K
  class space    used 794K, committed 896K, reserved 1048576K
}
Event: 3957.009 GC heap after
{Heap after GC invocations=2 (full 0):
 garbage-first heap   total 520192K, used 4741K [0x0000000604400000, 0x0000000800000000)
  region size 4096K, 1 young (4096K), 1 survivors (4096K)
 Metaspace       used 9075K, committed 9216K, reserved 1064960K
  class space    used 794K, committed 896K, reserved 1048576K
}
Event: 28891.347 GC heap before
{Heap before GC invocations=2 (full 0):
 garbage-first heap   total 520192K, used 311941K [0x0000000604400000, 0x0000000800000000)
  region size 4096K, 76 young (311296K), 1 survivors (4096K)
 Metaspace       used 9122K, committed 9280K, reserved 1064960K
  class space    used 796K, committed 896K, reserved 1048576K
}
Event: 28891.351 GC heap after
{Heap after GC invocations=3 (full 0):
 garbage-first heap   total 520192K, used 13289K [0x0000000604400000, 0x0000000800000000)
  region size 4096K, 3 young (12288K), 3 survivors (12288K)
 Metaspace       used 9122K, committed 9280K, reserved 1064960K
  class space    used 796K, committed 896K, reserved 1048576K
}
Event: 64972.224 GC heap before
{Heap before GC invocations=3 (full 0):
 garbage-first heap   total 520192K, used 312297K [0x0000000604400000, 0x0000000800000000)
  region size 4096K, 76 young (311296K), 3 survivors (12288K)
 Metaspace       used 9154K, committed 9344K, reserved 1064960K
  class space    used 796K, committed 896K, reserved 1048576K
}
Event: 64972.247 GC heap after
{Heap after GC invocations=4 (full 0):
 garbage-first heap   total 520192K, used 19391K [0x0000000604400000, 0x0000000800000000)
  region size 4096K, 5 young (20480K), 5 survivors (20480K)
 Metaspace       used 9154K, committed 9344K, reserved 1064960K
  class space    used 796K, committed 896K, reserved 1048576K
}
Event: 104659.958 GC heap before
{Heap before GC invocations=4 (full 0):
 garbage-first heap   total 520192K, used 310207K [0x0000000604400000, 0x0000000800000000)
  region size 4096K, 76 young (311296K), 5 survivors (20480K)
 Metaspace       used 9164K, committed 9344K, reserved 1064960K
  class space    used 797K, committed 896K, reserved 1048576K
}
Event: 104660.004 GC heap after
{Heap after GC invocations=5 (full 0):
 garbage-first heap   total 520192K, used 31436K [0x0000000604400000, 0x0000000800000000)
  region size 4096K, 8 young (32768K), 8 survivors (32768K)
 Metaspace       used 9164K, committed 9344K, reserved 1064960K
  class space    used 797K, committed 896K, reserved 1048576K
}
Event: 134801.701 GC heap before
{Heap before GC invocations=5 (full 0):
 garbage-first heap   total 520192K, used 309964K [0x0000000604400000, 0x0000000800000000)
  region size 4096K, 76 young (311296K), 8 survivors (32768K)
 Metaspace       used 9185K, committed 9344K, reserved 1064960K
  class space    used 797K, committed 896K, reserved 1048576K
}
Event: 134801.752 GC heap after
{Heap after GC invocations=6 (full 0):
 garbage-first heap   total 520192K, used 57679K [0x0000000604400000, 0x0000000800000000)
  region size 4096K, 10 young (40960K), 10 survivors (40960K)
 Metaspace       used 9185K, committed 9344K, reserved 1064960K
  class space    used 797K, committed 896K, reserved 1048576K
}
Event: 134802.084 GC heap before
{Heap before GC invocations=6 (full 0):
 garbage-first heap   total 520192K, used 102735K [0x0000000604400000, 0x0000000800000000)
  region size 4096K, 21 young (86016K), 10 survivors (40960K)
 Metaspace       used 9197K, committed 9408K, reserved 1064960K
  class space    used 797K, committed 896K, reserved 1048576K
}
Event: 134802.098 GC heap after
{Heap after GC invocations=7 (full 0):
 garbage-first heap   total 520192K, used 68004K [0x0000000604400000, 0x0000000800000000)
  region size 4096K, 3 young (12288K), 3 survivors (12288K)
 Metaspace       used 9197K, committed 9408K, reserved 1064960K
  class space    used 797K, committed 896K, reserved 1048576K
}
Event: 134810.092 GC heap before
{Heap before GC invocations=7 (full 0):
 garbage-first heap   total 520192K, used 346532K [0x0000000604400000, 0x0000000800000000)
  region size 4096K, 71 young (290816K), 3 survivors (12288K)
 Metaspace       used 9266K, committed 9472K, reserved 1064960K
  class space    used 797K, committed 896K, reserved 1048576K
}
Event: 134810.106 GC heap after
{Heap after GC invocations=8 (full 0):
 garbage-first heap   total 520192K, used 110432K [0x0000000604400000, 0x0000000800000000)
  region size 4096K, 9 young (36864K), 9 survivors (36864K)
 Metaspace       used 9266K, committed 9472K, reserved 1064960K
  class space    used 797K, committed 896K, reserved 1048576K
}
Event: 134810.414 GC heap before
{Heap before GC invocations=8 (full 0):
 garbage-first heap   total 520192K, used 171872K [0x0000000604400000, 0x0000000800000000)
  region size 4096K, 24 young (98304K), 9 survivors (36864K)
 Metaspace       used 9275K, committed 9472K, reserved 1064960K
  class space    used 797K, committed 896K, reserved 1048576K
}
Event: 134810.428 GC heap after
{Heap after GC invocations=9 (full 0):
 garbage-first heap   total 520192K, used 123280K [0x0000000604400000, 0x0000000800000000)
  region size 4096K, 3 young (12288K), 3 survivors (12288K)
 Metaspace       used 9275K, committed 9472K, reserved 1064960K
  class space    used 797K, committed 896K, reserved 1048576K
}

