# JRE version: OpenJDK Runtime Environment Temurin-17.0.4.1+1 (17.0.4.1+1) (build 17.0.4.1+1)
# Java VM: OpenJDK 64-Bit Server VM Temurin-17.0.4.1+1 (17.0.4.1+1, mixed mode, tiered, compressed oops, compressed class ptrs, g1 gc, windows-amd64)
GC Precious Log:
 CPUs: 16 total, 16 available
 Memory: 32480M
 Large Page Support: Disabled
 NUMA Support: Disabled
 Compressed Oops: Enabled (Zero based)
 Heap Region Size: 4M
 Heap Min Capacity: 8M
 Heap Initial Capacity: 508M
 Heap Max Capacity: 8124M
 Pre-touch: Disabled
 Parallel Workers: 13
 Concurrent Workers: 3
 Concurrent Refinement Workers: 13
 Periodic GC: Disabled
Heap:
 garbage-first heap   total 520192K, used 100842K [0x0000000604400000, 0x0000000800000000)
  region size 4096K, 25 young (102400K), 4 survivors (16384K)
 Metaspace       used 9234K, committed 9408K, reserved 1064960K
  class space    used 802K, committed 896K, reserved 1048576K
GC Heap History (20 events):
Event: 3620.899 GC heap before
{Heap before GC invocations=0 (full 0):
 garbage-first heap   total 520192K, used 24576K [0x0000000604400000, 0x0000000800000000)
  region size 4096K, 6 young (24576K), 0 survivors (0K)
 Metaspace       used 9057K, committed 9216K, reserved 1064960K
  class space    used 789K, committed 896K, reserved 1048576K
}
Event: 3620.902 GC heap after
{Heap after GC invocations=1 (full 0):
 garbage-first heap   total 520192K, used 4425K [0x0000000604400000, 0x0000000800000000)
  region size 4096K, 1 young (4096K), 1 survivors (4096K)
 Metaspace       used 9057K, committed 9216K, reserved 1064960K
  class space    used 789K, committed 896K, reserved 1048576K
}
Event: 4973.675 GC heap before
{Heap before GC invocations=1 (full 0):
 garbage-first heap   total 520192K, used 24905K [0x0000000604400000, 0x0000000800000000)
  region size 4096K, 7 young (28672K), 1 survivors (4096K)
 Metaspace       used 9123K, committed 9280K, reserved 1064960K
  class space    used 799K, committed 896K, reserved 1048576K
}
Event: 4973.677 GC heap after
{Heap after GC invocations=2 (full 0):
 garbage-first heap   total 520192K, used 6150K [0x0000000604400000, 0x0000000800000000)
  region size 4096K, 1 young (4096K), 1 survivors (4096K)
 Metaspace       used 9123K, committed 9280K, reserved 1064960K
  class space    used 799K, committed 896K, reserved 1048576K
}
Event: 6966.360 GC heap before
{Heap before GC invocations=2 (full 0):
 garbage-first heap   total 520192K, used 63494K [0x0000000604400000, 0x0000000800000000)
  region size 4096K, 15 young (61440K), 1 survivors (4096K)
 Metaspace       used 9123K, committed 9280K, reserved 1064960K
  class space    used 799K, committed 896K, reserved 1048576K
}
Event: 6966.361 GC heap after
{Heap after GC invocations=3 (full 0):
 garbage-first heap   total 520192K, used 5898K [0x0000000604400000, 0x0000000800000000)
  region size 4096K, 1 young (4096K), 1 survivors (4096K)
 Metaspace       used 9123K, committed 9280K, reserved 1064960K
  class space    used 799K, committed 896K, reserved 1048576K
}
Event: 18065.860 GC heap before
{Heap before GC invocations=3 (full 0):
 garbage-first heap   total 520192K, used 313098K [0x0000000604400000, 0x0000000800000000)
  region size 4096K, 76 young (311296K), 1 survivors (4096K)
 Metaspace       used 9160K, committed 9344K, reserved 1064960K
  class space    used 800K, committed 896K, reserved 1048576K
}
Event: 18065.863 GC heap after
{Heap after GC invocations=4 (full 0):
 garbage-first heap   total 520192K, used 10805K [0x0000000604400000, 0x0000000800000000)
  region size 4096K, 2 young (8192K), 2 survivors (8192K)
 Metaspace       used 9160K, committed 9344K, reserved 1064960K
  class space    used 800K, committed 896K, reserved 1048576K
}
Event: 30479.641 GC heap before
{Heap before GC invocations=4 (full 0):
 garbage-first heap   total 520192K, used 313909K [0x0000000604400000, 0x0000000800000000)
  region size 4096K, 76 young (311296K), 2 survivors (8192K)
 Metaspace       used 9190K, committed 9344K, reserved 1064960K
  class space    used 800K, committed 896K, reserved 1048576K
}
Event: 30479.644 GC heap after
{Heap after GC invocations=5 (full 0):
 garbage-first heap   total 520192K, used 10973K [0x0000000604400000, 0x0000000800000000)
  region size 4096K, 2 young (8192K), 2 survivors (8192K)
 Metaspace       used 9190K, committed 9344K, reserved 1064960K
  class space    used 800K, committed 896K, reserved 1048576K
}
Event: 39858.071 GC heap before
{Heap before GC invocations=5 (full 0):
 garbage-first heap   total 520192K, used 314077K [0x0000000604400000, 0x0000000800000000)
  region size 4096K, 76 young (311296K), 2 survivors (8192K)
 Metaspace       used 9192K, committed 9408K, reserved 1064960K
  class space    used 800K, committed 896K, reserved 1048576K
}
Event: 39858.073 GC heap after
{Heap after GC invocations=6 (full 0):
 garbage-first heap   total 520192K, used 11224K [0x0000000604400000, 0x0000000800000000)
  region size 4096K, 2 young (8192K), 2 survivors (8192K)
 Metaspace       used 9192K, committed 9408K, reserved 1064960K
  class space    used 800K, committed 896K, reserved 1048576K
}
Event: 50429.528 GC heap before
{Heap before GC invocations=6 (full 0):
 garbage-first heap   total 520192K, used 314328K [0x0000000604400000, 0x0000000800000000)
  region size 4096K, 76 young (311296K), 2 survivors (8192K)
 Metaspace       used 9196K, committed 9408K, reserved 1064960K
  class space    used 800K, committed 896K, reserved 1048576K
}
Event: 50429.530 GC heap after
{Heap after GC invocations=7 (full 0):
 garbage-first heap   total 520192K, used 10004K [0x0000000604400000, 0x0000000800000000)
  region size 4096K, 2 young (8192K), 2 survivors (8192K)
 Metaspace       used 9196K, committed 9408K, reserved 1064960K
  class space    used 800K, committed 896K, reserved 1048576K
}
Event: 61253.578 GC heap before
{Heap before GC invocations=7 (full 0):
 garbage-first heap   total 520192K, used 313108K [0x0000000604400000, 0x0000000800000000)
  region size 4096K, 76 young (311296K), 2 survivors (8192K)
 Metaspace       used 9200K, committed 9408K, reserved 1064960K
  class space    used 800K, committed 896K, reserved 1048576K
}
Event: 61253.580 GC heap after
{Heap after GC invocations=8 (full 0):
 garbage-first heap   total 520192K, used 11034K [0x0000000604400000, 0x0000000800000000)
  region size 4096K, 2 young (8192K), 2 survivors (8192K)
 Metaspace       used 9200K, committed 9408K, reserved 1064960K
  class space    used 800K, committed 896K, reserved 1048576K
}
Event: 71896.295 GC heap before
{Heap before GC invocations=8 (full 0):
 garbage-first heap   total 520192K, used 314138K [0x0000000604400000, 0x0000000800000000)
  region size 4096K, 76 young (311296K), 2 survivors (8192K)
 Metaspace       used 9201K, committed 9408K, reserved 1064960K
  class space    used 800K, committed 896K, reserved 1048576K
}
Event: 71896.298 GC heap after
{Heap after GC invocations=9 (full 0):
 garbage-first heap   total 520192K, used 11120K [0x0000000604400000, 0x0000000800000000)
  region size 4096K, 2 young (8192K), 2 survivors (8192K)
 Metaspace       used 9201K, committed 9408K, reserved 1064960K
  class space    used 800K, committed 896K, reserved 1048576K
}
Event: 80181.601 GC heap before
{Heap before GC invocations=9 (full 0):
 garbage-first heap   total 520192K, used 314224K [0x0000000604400000, 0x0000000800000000)
  region size 4096K, 76 young (311296K), 2 survivors (8192K)
 Metaspace       used 9218K, committed 9408K, reserved 1064960K
  class space    used 801K, committed 896K, reserved 1048576K
}
Event: 80181.606 GC heap after
{Heap after GC invocations=10 (full 0):
 garbage-first heap   total 520192K, used 18922K [0x0000000604400000, 0x0000000800000000)
  region size 4096K, 4 young (16384K), 4 survivors (16384K)
 Metaspace       used 9218K, committed 9408K, reserved 1064960K
  class space    used 801K, committed 896K, reserved 1048576K
}

